<?xml version="1.0" encoding="UTF-8"?>
<!-- Generated by org.testng.reporters.JUnitReportReporter -->
<testsuite hostname="Prem" failures="0" tests="1" name="practise.resposeValidation.VerifyData_ComplexJSONXpathBasedOnCondition" time="2.573" errors="0" timestamp="2026-05-05T15:01:30 IST" skipped="0">
  <testcase classname="practise.resposeValidation.VerifyData_ComplexJSONXpathBasedOnCondition" name="sampleTest" time="2.573"/>
</testsuite> <!-- practise.resposeValidation.VerifyData_ComplexJSONXpathBasedOnCondition -->
