<?xml version="1.0" encoding="UTF-8"?>
<!-- Generated by org.testng.reporters.JUnitReportReporter -->
<testsuite hostname="Prem" failures="0" tests="10" name="ddt.AddMultipleProjectTest" time="14.017" errors="0" timestamp="2026-05-06T18:03:02 IST" skipped="0">
  <testcase classname="ddt.AddMultipleProjectTest" name="sampleTest" time="3.231"/>
  <testcase classname="ddt.AddMultipleProjectTest" name="sampleTest" time="1.089"/>
  <testcase classname="ddt.AddMultipleProjectTest" name="sampleTest" time="2.119"/>
  <testcase classname="ddt.AddMultipleProjectTest" name="sampleTest" time="1.072"/>
  <testcase classname="ddt.AddMultipleProjectTest" name="sampleTest" time="1.072"/>
  <testcase classname="ddt.AddMultipleProjectTest" name="sampleTest" time="1.100"/>
  <testcase classname="ddt.AddMultipleProjectTest" name="sampleTest" time="1.078"/>
  <testcase classname="ddt.AddMultipleProjectTest" name="sampleTest" time="1.072"/>
  <testcase classname="ddt.AddMultipleProjectTest" name="sampleTest" time="1.100"/>
  <testcase classname="ddt.AddMultipleProjectTest" name="sampleTest" time="1.084"/>
</testsuite> <!-- ddt.AddMultipleProjectTest -->
