<?xml version="1.0" encoding="UTF-8"?>
<!-- Generated by org.testng.reporters.JUnitXMLReporter -->
<testsuite ignored="0" hostname="Prem" failures="0" tests="10" name="Default test" time="15.664" errors="0" timestamp="2026-05-06T18:03:01 IST">
  <testcase classname="ddt.AddMultipleProjectTest" name="sampleTest" time="3.231"/>
  <testcase classname="ddt.AddMultipleProjectTest" name="sampleTest" time="1.1"/>
  <testcase classname="ddt.AddMultipleProjectTest" name="sampleTest" time="2.119"/>
  <testcase classname="ddt.AddMultipleProjectTest" name="sampleTest" time="1.089"/>
  <testcase classname="ddt.AddMultipleProjectTest" name="sampleTest" time="1.1"/>
  <testcase classname="ddt.AddMultipleProjectTest" name="sampleTest" time="1.084"/>
  <testcase classname="ddt.AddMultipleProjectTest" name="sampleTest" time="1.078"/>
  <testcase classname="ddt.AddMultipleProjectTest" name="sampleTest" time="1.072"/>
  <testcase classname="ddt.AddMultipleProjectTest" name="sampleTest" time="1.072"/>
  <testcase classname="ddt.AddMultipleProjectTest" name="sampleTest" time="1.072"/>
</testsuite> <!-- Default test -->
